<?xml version="1.0" encoding="UTF-8"?>
<!-- Generated by org.testng.reporters.JUnitReportReporter -->
<testsuite hostname="WINDOWS-A2DU1J1" failures="0" tests="1" name="testVagrant.test.AppTest" time="24.085" errors="0" timestamp="2022-09-30T11:21:25 IST" skipped="0">
  <testcase classname="testVagrant.test.AppTest" name="validateMovieDateandcountry" time="24.085"/>
  <system-out/>
</testsuite> <!-- testVagrant.test.AppTest -->
